<?xml version="1.0" encoding="UTF-8"?>
<testsuite xmlns:xsi="http://www.w3.org/2001/XMLSchema-instance" xsi:noNamespaceSchemaLocation="https://maven.apache.org/surefire/maven-surefire-plugin/xsd/surefire-test-report.xsd" name="MybatisTest" time="1.935" tests="1" errors="0" skipped="0" failures="0">
  <properties>
    <property name="sun.desktop" value="windows"/>
    <property name="awt.toolkit" value="sun.awt.windows.WToolkit"/>
    <property name="file.encoding.pkg" value="sun.io"/>
    <property name="java.specification.version" value="1.8"/>
    <property name="sun.cpu.isalist" value="amd64"/>
    <property name="sun.jnu.encoding" value="GBK"/>
    <property name="java.class.path" value="E:\IDEA-workspace\ssm_demo\target\test-classes;E:\IDEA-workspace\ssm_demo\target\classes;E:\Maven\repos\org\springframework\spring-webmvc\4.3.7.RELEASE\spring-webmvc-4.3.7.RELEASE.jar;E:\Maven\repos\org\springframework\spring-aop\4.3.7.RELEASE\spring-aop-4.3.7.RELEASE.jar;E:\Maven\repos\org\springframework\spring-beans\4.3.7.RELEASE\spring-beans-4.3.7.RELEASE.jar;E:\Maven\repos\org\springframework\spring-context\4.3.7.RELEASE\spring-context-4.3.7.RELEASE.jar;E:\Maven\repos\org\springframework\spring-core\4.3.7.RELEASE\spring-core-4.3.7.RELEASE.jar;E:\Maven\repos\commons-logging\commons-logging\1.2\commons-logging-1.2.jar;E:\Maven\repos\org\springframework\spring-expression\4.3.7.RELEASE\spring-expression-4.3.7.RELEASE.jar;E:\Maven\repos\org\springframework\spring-web\4.3.7.RELEASE\spring-web-4.3.7.RELEASE.jar;E:\Maven\repos\org\springframework\spring-jdbc\4.3.7.RELEASE\spring-jdbc-4.3.7.RELEASE.jar;E:\Maven\repos\org\springframework\spring-tx\4.3.7.RELEASE\spring-tx-4.3.7.RELEASE.jar;E:\Maven\repos\org\springframework\spring-aspects\4.3.7.RELEASE\spring-aspects-4.3.7.RELEASE.jar;E:\Maven\repos\org\aspectj\aspectjweaver\1.8.9\aspectjweaver-1.8.9.jar;E:\Maven\repos\org\mybatis\mybatis\3.4.2\mybatis-3.4.2.jar;E:\Maven\repos\org\mybatis\mybatis-spring\1.3.1\mybatis-spring-1.3.1.jar;E:\Maven\repos\com\mchange\c3p0\0.9.2.1\c3p0-0.9.2.1.jar;E:\Maven\repos\com\mchange\mchange-commons-java\0.2.3.4\mchange-commons-java-0.2.3.4.jar;E:\Maven\repos\mysql\mysql-connector-java\8.0.15\mysql-connector-java-8.0.15.jar;E:\Maven\repos\com\google\protobuf\protobuf-java\3.6.1\protobuf-java-3.6.1.jar;E:\Maven\repos\javax\servlet\javax.servlet-api\3.1.0\javax.servlet-api-3.1.0.jar;E:\Maven\repos\javax\servlet\jstl\1.2\jstl-1.2.jar;E:\Maven\repos\junit\junit\4.12\junit-4.12.jar;E:\Maven\repos\org\hamcrest\hamcrest-core\1.3\hamcrest-core-1.3.jar;E:\Maven\repos\org\springframework\spring-test\4.3.7.RELEASE\spring-test-4.3.7.RELEASE.jar;E:\Maven\repos\com\fasterxml\jackson\core\jackson-databind\2.11.0\jackson-databind-2.11.0.jar;E:\Maven\repos\com\fasterxml\jackson\core\jackson-annotations\2.11.0\jackson-annotations-2.11.0.jar;E:\Maven\repos\com\fasterxml\jackson\core\jackson-core\2.11.0\jackson-core-2.11.0.jar;"/>
    <property name="java.vm.vendor" value="Oracle Corporation"/>
    <property name="sun.arch.data.model" value="64"/>
    <property name="user.variant" value=""/>
    <property name="java.vendor.url" value="http://java.oracle.com/"/>
    <property name="user.timezone" value="Asia/Shanghai"/>
    <property name="java.vm.specification.version" value="1.8"/>
    <property name="os.name" value="Windows 10"/>
    <property name="user.country" value="CN"/>
    <property name="sun.java.launcher" value="SUN_STANDARD"/>
    <property name="sun.boot.library.path" value="C:\Program Files\Java\jdk1.8.0_212\jre\bin"/>
    <property name="sun.java.command" value="C:\Users\BingMax\AppData\Local\Temp\surefire6612124772125272224\surefirebooter7790343740821778943.jar C:\Users\BingMax\AppData\Local\Temp\surefire6612124772125272224 2020-07-14T13-04-39_546-jvmRun1 surefire5192490630998695671tmp surefire_06801261828179640987tmp"/>
    <property name="surefire.test.class.path" value="E:\IDEA-workspace\ssm_demo\target\test-classes;E:\IDEA-workspace\ssm_demo\target\classes;E:\Maven\repos\org\springframework\spring-webmvc\4.3.7.RELEASE\spring-webmvc-4.3.7.RELEASE.jar;E:\Maven\repos\org\springframework\spring-aop\4.3.7.RELEASE\spring-aop-4.3.7.RELEASE.jar;E:\Maven\repos\org\springframework\spring-beans\4.3.7.RELEASE\spring-beans-4.3.7.RELEASE.jar;E:\Maven\repos\org\springframework\spring-context\4.3.7.RELEASE\spring-context-4.3.7.RELEASE.jar;E:\Maven\repos\org\springframework\spring-core\4.3.7.RELEASE\spring-core-4.3.7.RELEASE.jar;E:\Maven\repos\commons-logging\commons-logging\1.2\commons-logging-1.2.jar;E:\Maven\repos\org\springframework\spring-expression\4.3.7.RELEASE\spring-expression-4.3.7.RELEASE.jar;E:\Maven\repos\org\springframework\spring-web\4.3.7.RELEASE\spring-web-4.3.7.RELEASE.jar;E:\Maven\repos\org\springframework\spring-jdbc\4.3.7.RELEASE\spring-jdbc-4.3.7.RELEASE.jar;E:\Maven\repos\org\springframework\spring-tx\4.3.7.RELEASE\spring-tx-4.3.7.RELEASE.jar;E:\Maven\repos\org\springframework\spring-aspects\4.3.7.RELEASE\spring-aspects-4.3.7.RELEASE.jar;E:\Maven\repos\org\aspectj\aspectjweaver\1.8.9\aspectjweaver-1.8.9.jar;E:\Maven\repos\org\mybatis\mybatis\3.4.2\mybatis-3.4.2.jar;E:\Maven\repos\org\mybatis\mybatis-spring\1.3.1\mybatis-spring-1.3.1.jar;E:\Maven\repos\com\mchange\c3p0\0.9.2.1\c3p0-0.9.2.1.jar;E:\Maven\repos\com\mchange\mchange-commons-java\0.2.3.4\mchange-commons-java-0.2.3.4.jar;E:\Maven\repos\mysql\mysql-connector-java\8.0.15\mysql-connector-java-8.0.15.jar;E:\Maven\repos\com\google\protobuf\protobuf-java\3.6.1\protobuf-java-3.6.1.jar;E:\Maven\repos\javax\servlet\javax.servlet-api\3.1.0\javax.servlet-api-3.1.0.jar;E:\Maven\repos\javax\servlet\jstl\1.2\jstl-1.2.jar;E:\Maven\repos\junit\junit\4.12\junit-4.12.jar;E:\Maven\repos\org\hamcrest\hamcrest-core\1.3\hamcrest-core-1.3.jar;E:\Maven\repos\org\springframework\spring-test\4.3.7.RELEASE\spring-test-4.3.7.RELEASE.jar;E:\Maven\repos\com\fasterxml\jackson\core\jackson-databind\2.11.0\jackson-databind-2.11.0.jar;E:\Maven\repos\com\fasterxml\jackson\core\jackson-annotations\2.11.0\jackson-annotations-2.11.0.jar;E:\Maven\repos\com\fasterxml\jackson\core\jackson-core\2.11.0\jackson-core-2.11.0.jar;"/>
    <property name="sun.cpu.endian" value="little"/>
    <property name="user.home" value="C:\Users\BingMax"/>
    <property name="user.language" value="zh"/>
    <property name="java.specification.vendor" value="Oracle Corporation"/>
    <property name="java.home" value="C:\Program Files\Java\jdk1.8.0_212\jre"/>
    <property name="basedir" value="E:\IDEA-workspace\ssm_demo"/>
    <property name="file.separator" value="\"/>
    <property name="line.separator" value="&#10;"/>
    <property name="java.vm.specification.vendor" value="Oracle Corporation"/>
    <property name="java.specification.name" value="Java Platform API Specification"/>
    <property name="java.awt.graphicsenv" value="sun.awt.Win32GraphicsEnvironment"/>
    <property name="surefire.real.class.path" value="C:\Users\BingMax\AppData\Local\Temp\surefire6612124772125272224\surefirebooter7790343740821778943.jar"/>
    <property name="sun.boot.class.path" value="C:\Program Files\Java\jdk1.8.0_212\jre\lib\resources.jar;C:\Program Files\Java\jdk1.8.0_212\jre\lib\rt.jar;C:\Program Files\Java\jdk1.8.0_212\jre\lib\sunrsasign.jar;C:\Program Files\Java\jdk1.8.0_212\jre\lib\jsse.jar;C:\Program Files\Java\jdk1.8.0_212\jre\lib\jce.jar;C:\Program Files\Java\jdk1.8.0_212\jre\lib\charsets.jar;C:\Program Files\Java\jdk1.8.0_212\jre\lib\jfr.jar;C:\Program Files\Java\jdk1.8.0_212\jre\classes"/>
    <property name="user.script" value=""/>
    <property name="sun.management.compiler" value="HotSpot 64-Bit Tiered Compilers"/>
    <property name="java.runtime.version" value="1.8.0_212-b10"/>
    <property name="user.name" value="BingMax"/>
    <property name="path.separator" value=";"/>
    <property name="os.version" value="10.0"/>
    <property name="java.endorsed.dirs" value="C:\Program Files\Java\jdk1.8.0_212\jre\lib\endorsed"/>
    <property name="java.runtime.name" value="Java(TM) SE Runtime Environment"/>
    <property name="file.encoding" value="GBK"/>
    <property name="java.vm.name" value="Java HotSpot(TM) 64-Bit Server VM"/>
    <property name="localRepository" value="E:\Maven\repos"/>
    <property name="java.vendor.url.bug" value="http://bugreport.sun.com/bugreport/"/>
    <property name="java.io.tmpdir" value="C:\Users\BingMax\AppData\Local\Temp\"/>
    <property name="java.version" value="1.8.0_212"/>
    <property name="user.dir" value="E:\IDEA-workspace\ssm_demo"/>
    <property name="os.arch" value="amd64"/>
    <property name="java.vm.specification.name" value="Java Virtual Machine Specification"/>
    <property name="java.awt.printerjob" value="sun.awt.windows.WPrinterJob"/>
    <property name="sun.os.patch.level" value=""/>
    <property name="idea.version2019.3.3" value="true"/>
    <property name="java.library.path" value="C:\Program Files\Java\jdk1.8.0_212\jre\bin;C:\Windows\Sun\Java\bin;C:\Windows\system32;C:\Windows;D:\Xftp\;D:\XShell\;C:\Program Files (x86)\Common Files\Oracle\Java\javapath;C:\Windows\system32;C:\Windows;C:\Windows\System32\Wbem;C:\Windows\System32\WindowsPowerShell\v1.0\;C:\Windows\System32\OpenSSH\;C:\Program Files\Java\jdk1.8.0_212\bin;E:\JavaLib\apache-maven-3.6.3-bin\apache-maven-3.6.3\bin;D:\git\Git\cmd;E:\texlive\TexLive\texlive\2019\bin\win32;D:\matlab\runtime\win64;D:\matlab\bin;C:\Program Files\TortoiseSVN\bin;E:\node.js\;C:\Users\BingMax\AppData\Local\Programs\Python\Python38\Scripts\;C:\Users\BingMax\AppData\Local\Programs\Python\Python38\;C:\Program Files\MySQL\MySQL Shell 8.0\bin\;C:\Users\BingMax\AppData\Local\Microsoft\WindowsApps;;D:\vs code\Microsoft VS Code\bin;D:\idea\IntelliJ IDEA 2019.3.3\bin;;C:\Users\BingMax\AppData\Roaming\npm;D:\pycharm\PyCharm 2020.1.1\bin;;."/>
    <property name="java.vm.info" value="mixed mode"/>
    <property name="java.vendor" value="Oracle Corporation"/>
    <property name="java.vm.version" value="25.212-b10"/>
    <property name="java.ext.dirs" value="C:\Program Files\Java\jdk1.8.0_212\jre\lib\ext;C:\Windows\Sun\Java\lib\ext"/>
    <property name="sun.io.unicode.encoding" value="UnicodeLittle"/>
    <property name="java.class.version" value="52.0"/>
  </properties>
  <testcase name="test01" classname="MybatisTest" time="0.554"/>
</testsuite>